  [4;36;1mSQL (0.002362)[0m   [0;1mselect sqlite_version(*)[0m
  [4;35;1mSQL (0.003546)[0m   [0mCREATE TABLE schema_info (version integer)[0m
  [4;36;1mSQL (0.002124)[0m   [0;1mINSERT INTO schema_info (version) VALUES(0)[0m
  [4;35;1mSQL (0.000276)[0m   [0mSELECT * FROM schema_info[0m
  [4;36;1mSQL (0.000328)[0m   [0;1m SELECT name
 FROM sqlite_master
 WHERE type = 'table' AND NOT name = 'sqlite_sequence'
[0m
  [4;35;1mSQL (0.000184)[0m   [0mselect sqlite_version(*)[0m
  [4;36;1mSQL (0.002355)[0m   [0;1mCREATE TABLE schema_info (version integer)[0m
  [4;35;1mSQL (0.002237)[0m   [0mINSERT INTO schema_info (version) VALUES(0)[0m
  [4;36;1mSQL (0.001974)[0m   [0;1mUPDATE schema_info SET version = 0[0m
  [4;36;1mSQL (0.000360)[0m   [0;1mselect sqlite_version(*)[0m
  [4;35;1mSQL (0.000000)[0m   [0mSQLite3::SQLException: table schema_info already exists: CREATE TABLE schema_info (version integer)[0m
  [4;36;1mSQL (0.000363)[0m   [0;1mSELECT * FROM schema_info[0m
  [4;35;1mSQL (0.000200)[0m   [0m SELECT name
 FROM sqlite_master
 WHERE type = 'table' AND NOT name = 'sqlite_sequence'
[0m
  [4;36;1mSQL (0.000181)[0m   [0;1mselect sqlite_version(*)[0m
  [4;35;1mSQL (0.002224)[0m   [0mCREATE TABLE schema_info (version integer)[0m
  [4;36;1mSQL (0.001537)[0m   [0;1mINSERT INTO schema_info (version) VALUES(0)[0m
  [4;35;1mSQL (0.001621)[0m   [0mUPDATE schema_info SET version = 0[0m
  [4;36;1mSQL (0.000336)[0m   [0;1mselect sqlite_version(*)[0m
  [4;35;1mSQL (0.000000)[0m   [0mSQLite3::SQLException: table schema_info already exists: CREATE TABLE schema_info (version integer)[0m
  [4;36;1mSQL (0.000238)[0m   [0;1mSELECT * FROM schema_info[0m
  [4;35;1mSQL (0.000197)[0m   [0m SELECT name
 FROM sqlite_master
 WHERE type = 'table' AND NOT name = 'sqlite_sequence'
[0m
  [4;36;1mSQL (0.000181)[0m   [0;1mselect sqlite_version(*)[0m
  [4;35;1mSQL (0.002317)[0m   [0mCREATE TABLE schema_info (version integer)[0m
  [4;36;1mSQL (0.002045)[0m   [0;1mINSERT INTO schema_info (version) VALUES(0)[0m
  [4;35;1mSQL (0.002349)[0m   [0mUPDATE schema_info SET version = 0[0m
  [4;36;1mSQL (0.000339)[0m   [0;1mselect sqlite_version(*)[0m
  [4;35;1mSQL (0.000000)[0m   [0mSQLite3::SQLException: table schema_info already exists: CREATE TABLE schema_info (version integer)[0m
  [4;36;1mSQL (0.000228)[0m   [0;1mSELECT * FROM schema_info[0m
  [4;35;1mSQL (0.000194)[0m   [0m SELECT name
 FROM sqlite_master
 WHERE type = 'table' AND NOT name = 'sqlite_sequence'
[0m
  [4;36;1mSQL (0.000175)[0m   [0;1mselect sqlite_version(*)[0m
  [4;35;1mSQL (0.002464)[0m   [0mCREATE TABLE schema_info (version integer)[0m
  [4;36;1mSQL (0.002205)[0m   [0;1mINSERT INTO schema_info (version) VALUES(0)[0m
  [4;35;1mSQL (0.001857)[0m   [0mUPDATE schema_info SET version = 0[0m
  [4;36;1mSQL (0.000337)[0m   [0;1mselect sqlite_version(*)[0m
  [4;35;1mSQL (0.000000)[0m   [0mSQLite3::SQLException: table schema_info already exists: CREATE TABLE schema_info (version integer)[0m
  [4;36;1mSQL (0.000295)[0m   [0;1mSELECT * FROM schema_info[0m
  [4;35;1mSQL (0.000203)[0m   [0m SELECT name
 FROM sqlite_master
 WHERE type = 'table' AND NOT name = 'sqlite_sequence'
[0m
  [4;36;1mSQL (0.000174)[0m   [0;1mselect sqlite_version(*)[0m
  [4;35;1mSQL (0.002566)[0m   [0mCREATE TABLE schema_info (version integer)[0m
  [4;36;1mSQL (0.002366)[0m   [0;1mINSERT INTO schema_info (version) VALUES(0)[0m
  [4;35;1mSQL (0.002009)[0m   [0mUPDATE schema_info SET version = 0[0m
  [4;36;1mSQL (0.000352)[0m   [0;1mselect sqlite_version(*)[0m
  [4;35;1mSQL (0.000000)[0m   [0mSQLite3::SQLException: table schema_info already exists: CREATE TABLE schema_info (version integer)[0m
  [4;36;1mSQL (0.000235)[0m   [0;1mSELECT * FROM schema_info[0m
  [4;35;1mSQL (0.000198)[0m   [0m SELECT name
 FROM sqlite_master
 WHERE type = 'table' AND NOT name = 'sqlite_sequence'
[0m
  [4;36;1mSQL (0.000298)[0m   [0;1mselect sqlite_version(*)[0m
  [4;35;1mSQL (0.003357)[0m   [0mCREATE TABLE schema_info (version integer)[0m
  [4;36;1mSQL (0.002338)[0m   [0;1mINSERT INTO schema_info (version) VALUES(0)[0m
  [4;35;1mSQL (0.001979)[0m   [0mUPDATE schema_info SET version = 0[0m
  [4;36;1mSQL (0.000348)[0m   [0;1mselect sqlite_version(*)[0m
  [4;35;1mSQL (0.000000)[0m   [0mSQLite3::SQLException: table schema_info already exists: CREATE TABLE schema_info (version integer)[0m
  [4;36;1mSQL (0.000262)[0m   [0;1mSELECT * FROM schema_info[0m
  [4;35;1mSQL (0.000220)[0m   [0m SELECT name
 FROM sqlite_master
 WHERE type = 'table' AND NOT name = 'sqlite_sequence'
[0m
  [4;36;1mSQL (0.000180)[0m   [0;1mselect sqlite_version(*)[0m
  [4;35;1mSQL (0.002230)[0m   [0mCREATE TABLE schema_info (version integer)[0m
  [4;36;1mSQL (0.001976)[0m   [0;1mINSERT INTO schema_info (version) VALUES(0)[0m
  [4;35;1mSQL (0.001821)[0m   [0mUPDATE schema_info SET version = 0[0m
  [4;36;1mSQL (0.000450)[0m   [0;1mselect sqlite_version(*)[0m
  [4;35;1mSQL (0.000000)[0m   [0mSQLite3::SQLException: table schema_info already exists: CREATE TABLE schema_info (version integer)[0m
  [4;36;1mSQL (0.000429)[0m   [0;1mSELECT * FROM schema_info[0m
  [4;35;1mSQL (0.000206)[0m   [0m SELECT name
 FROM sqlite_master
 WHERE type = 'table' AND NOT name = 'sqlite_sequence'
[0m
  [4;36;1mSQL (0.000266)[0m   [0;1mselect sqlite_version(*)[0m
  [4;35;1mSQL (0.002707)[0m   [0mCREATE TABLE schema_info (version integer)[0m
  [4;36;1mSQL (0.001759)[0m   [0;1mINSERT INTO schema_info (version) VALUES(0)[0m
  [4;35;1mSQL (0.001758)[0m   [0mUPDATE schema_info SET version = 0[0m
  [4;36;1mSQL (0.000344)[0m   [0;1mselect sqlite_version(*)[0m
  [4;35;1mSQL (0.000000)[0m   [0mSQLite3::SQLException: table schema_info already exists: CREATE TABLE schema_info (version integer)[0m
  [4;36;1mSQL (0.000230)[0m   [0;1mSELECT * FROM schema_info[0m
  [4;35;1mSQL (0.000195)[0m   [0m SELECT name
 FROM sqlite_master
 WHERE type = 'table' AND NOT name = 'sqlite_sequence'
[0m
  [4;36;1mSQL (0.000269)[0m   [0;1mselect sqlite_version(*)[0m
  [4;35;1mSQL (0.002239)[0m   [0mCREATE TABLE schema_info (version integer)[0m
  [4;36;1mSQL (0.002009)[0m   [0;1mINSERT INTO schema_info (version) VALUES(0)[0m
  [4;35;1mSQL (0.001982)[0m   [0mUPDATE schema_info SET version = 0[0m
  [4;36;1mSQL (0.000345)[0m   [0;1mselect sqlite_version(*)[0m
  [4;35;1mSQL (0.000000)[0m   [0mSQLite3::SQLException: table schema_info already exists: CREATE TABLE schema_info (version integer)[0m
  [4;36;1mSQL (0.000240)[0m   [0;1mSELECT * FROM schema_info[0m
  [4;35;1mSQL (0.000199)[0m   [0m SELECT name
 FROM sqlite_master
 WHERE type = 'table' AND NOT name = 'sqlite_sequence'
[0m
  [4;36;1mSQL (0.000324)[0m   [0;1mselect sqlite_version(*)[0m
  [4;35;1mSQL (0.002945)[0m   [0mCREATE TABLE schema_info (version integer)[0m
  [4;36;1mSQL (0.002361)[0m   [0;1mINSERT INTO schema_info (version) VALUES(0)[0m
  [4;35;1mSQL (0.002142)[0m   [0mUPDATE schema_info SET version = 0[0m
